<?xml version="1.0" encoding="UTF-8"?>
<testsuite name="com.bridgelabz.moodanalysertest.MoodAnalyserTest" tests="1" skipped="0" failures="0" errors="0" timestamp="2019-12-26T12:34:49" hostname="abc-hp-laptop-15-bs1xx" time="0.002">
  <properties/>
  <testcase name="givenConstructor_IsNotProper" classname="com.bridgelabz.moodanalysertest.MoodAnalyserTest" time="0.002"/>
  <system-out><![CDATA[]]></system-out>
  <system-err><![CDATA[]]></system-err>
</testsuite>
